<?xml version="1.0" encoding="UTF-8"?>
<testng-results ignored="0" total="1" passed="1" failed="0" skipped="0">
  <reporter-output>
  </reporter-output>
  <suite started-at="2022-11-22T18:19:24 IST" name="Default suite" finished-at="2022-11-22T18:19:39 IST" duration-ms="15131">
    <groups>
    </groups>
    <test started-at="2022-11-22T18:19:24 IST" name="Default test" finished-at="2022-11-22T18:19:39 IST" duration-ms="15131">
      <class name="adactin.booking.AdactinLaunchBooking">
        <test-method signature="TC001()[pri:0, instance:adactin.booking.AdactinLaunchBooking@4229bb3f]" started-at="2022-11-22T18:19:24 IST" name="TC001" finished-at="2022-11-22T18:19:39 IST" duration-ms="15112" status="PASS">
          <reporter-output>
          </reporter-output>
        </test-method> <!-- TC001 -->
      </class> <!-- adactin.booking.AdactinLaunchBooking -->
    </test> <!-- Default test -->
  </suite> <!-- Default suite -->
</testng-results>
